-------------------------------------------------------------------------------
Test set: integration.datalayer.employee.CreateEmployeeTest
-------------------------------------------------------------------------------
Tests run: 1, Failures: 0, Errors: 1, Skipped: 0, Time elapsed: 0.01 s <<< FAILURE! - in integration.datalayer.employee.CreateEmployeeTest
integration.datalayer.employee.CreateEmployeeTest  Time elapsed: 0.01 s  <<< ERROR!
org.flywaydb.core.internal.exception.FlywaySqlException: 

Unable to obtain connection from database (jdbc:mysql://localhost:3307/) for user 'root': Communications link failure

The last packet sent successfully to the server was 0 milliseconds ago. The driver has not received any packets from the server.
-------------------------------------------------------------------------------------------------------------------------------------------------------------------------------------------------------------------------------------------------------
SQL State  : 08S01
Error Code : 0
Message    : Communications link failure

The last packet sent successfully to the server was 0 milliseconds ago. The driver has not received any packets from the server.

	at integration.datalayer.employee.CreateEmployeeTest.setup(CreateEmployeeTest.java:41)
Caused by: com.mysql.cj.jdbc.exceptions.CommunicationsException: 
Communications link failure

The last packet sent successfully to the server was 0 milliseconds ago. The driver has not received any packets from the server.
	at integration.datalayer.employee.CreateEmployeeTest.setup(CreateEmployeeTest.java:41)
Caused by: com.mysql.cj.exceptions.CJCommunicationsException: 
Communications link failure

The last packet sent successfully to the server was 0 milliseconds ago. The driver has not received any packets from the server.
	at integration.datalayer.employee.CreateEmployeeTest.setup(CreateEmployeeTest.java:41)
Caused by: java.net.ConnectException: Connection refused
	at integration.datalayer.employee.CreateEmployeeTest.setup(CreateEmployeeTest.java:41)

