<?xml version="1.0" encoding="UTF-8"?>
<testsuite xmlns:xsi="http://www.w3.org/2001/XMLSchema-instance" xsi:noNamespaceSchemaLocation="https://maven.apache.org/surefire/maven-surefire-plugin/xsd/surefire-test-report-3.0.xsd" version="3.0" name="integration.datalayer.employee.CreateEmployeeTest" time="0.01" tests="1" errors="1" skipped="0" failures="0">
  <properties>
[...]
</properties>
  <testcase name="" classname="integration.datalayer.employee.CreateEmployeeTest" time="0.01">
    <error type="org.flywaydb.core.internal.exception.FlywaySqlException"><![CDATA[org.flywaydb.core.internal.exception.FlywaySqlException: 

Unable to obtain connection from database (jdbc:mysql://localhost:3307/) for user 'root': Communications link failure

The last packet sent successfully to the server was 0 milliseconds ago. The driver has not received any packets from the server.
-------------------------------------------------------------------------------------------------------------------------------------------------------------------------------------------------------------------------------------------------------
SQL State  : 08S01
Error Code : 0
Message    : Communications link failure

The last packet sent successfully to the server was 0 milliseconds ago. The driver has not received any packets from the server.

	at integration.datalayer.employee.CreateEmployeeTest.setup(CreateEmployeeTest.java:41)
Caused by: com.mysql.cj.jdbc.exceptions.CommunicationsException: 
Communications link failure

The last packet sent successfully to the server was 0 milliseconds ago. The driver has not received any packets from the server.
	at integration.datalayer.employee.CreateEmployeeTest.setup(CreateEmployeeTest.java:41)
Caused by: com.mysql.cj.exceptions.CJCommunicationsException: 
Communications link failure

The last packet sent successfully to the server was 0 milliseconds ago. The driver has not received any packets from the server.
	at integration.datalayer.employee.CreateEmployeeTest.setup(CreateEmployeeTest.java:41)
Caused by: java.net.ConnectException: Connection refused
	at integration.datalayer.employee.CreateEmployeeTest.setup(CreateEmployeeTest.java:41)
]]></error>
  </testcase>
</testsuite>