<?xml version="1.0" encoding="UTF-8"?>
<testsuite xmlns:xsi="http://www.w3.org/2001/XMLSchema-instance" xsi:noNamespaceSchemaLocation="https://maven.apache.org/surefire/maven-surefire-plugin/xsd/surefire-test-report.xsd" name="hellocucumber.RunCucumberTest" time="0.566" tests="3" errors="0" skipped="0" failures="0">
  <properties>
[...]
</properties>
  <testcase name="Today is or is not Friday #1" classname="Is it Friday yet?" time="0.15"/>
  <testcase name="Today is or is not Friday #2" classname="Is it Friday yet?" time="0.004"/>
  <testcase name="Today is or is not Friday #3" classname="Is it Friday yet?" time="0.008"/>
</testsuite>